2021-01-25 22:18:57,767 CRIT Supervisor is running as root.  Privileges were not dropped because no user is specified in the config file.  If you intend to run as root, you can set user=root in the config file to avoid this message.
2021-01-25 22:18:57,772 INFO daemonizing the supervisord process
2021-01-25 22:18:57,776 INFO supervisord started with pid 26
2021-01-25 22:18:58,780 INFO spawned: 'gunicorn' with pid 27
2021-01-25 22:18:58,784 INFO spawned: 'pelican' with pid 28
2021-01-25 22:19:00,474 INFO success: gunicorn entered RUNNING state, process has stayed up for > than 1 seconds (startsecs)
2021-01-25 22:19:00,475 INFO success: pelican entered RUNNING state, process has stayed up for > than 1 seconds (startsecs)
2021-01-25 22:19:28,185 CRIT Supervisor is running as root.  Privileges were not dropped because no user is specified in the config file.  If you intend to run as root, you can set user=root in the config file to avoid this message.
2021-01-25 22:19:28,190 INFO supervisord started with pid 35
2021-01-25 22:19:29,194 INFO spawned: 'gunicorn' with pid 36
2021-01-25 22:19:29,198 INFO spawned: 'pelican' with pid 37
2021-01-25 22:19:30,613 INFO success: gunicorn entered RUNNING state, process has stayed up for > than 1 seconds (startsecs)
2021-01-25 22:19:30,614 INFO success: pelican entered RUNNING state, process has stayed up for > than 1 seconds (startsecs)
2021-01-25 22:19:38,630 WARN received SIGINT indicating exit request
2021-01-25 22:19:38,637 INFO waiting for gunicorn, pelican to die
2021-01-25 22:19:38,643 INFO stopped: pelican (terminated by SIGTERM)
2021-01-25 22:19:38,671 INFO stopped: gunicorn (exit status 0)
2021-01-25 22:24:46,726 CRIT Supervisor is running as root.  Privileges were not dropped because no user is specified in the config file.  If you intend to run as root, you can set user=root in the config file to avoid this message.
2021-01-25 22:24:46,733 INFO supervisord started with pid 1
2021-01-25 22:24:47,736 INFO spawned: 'gunicorn' with pid 7
2021-01-25 22:24:47,739 INFO spawned: 'pelican' with pid 8
2021-01-25 22:24:49,491 INFO success: gunicorn entered RUNNING state, process has stayed up for > than 1 seconds (startsecs)
2021-01-25 22:24:49,492 INFO success: pelican entered RUNNING state, process has stayed up for > than 1 seconds (startsecs)
2021-01-25 22:30:27,167 WARN received SIGTERM indicating exit request
2021-01-25 22:30:27,168 INFO waiting for gunicorn, pelican to die
2021-01-25 22:30:27,172 INFO stopped: pelican (terminated by SIGTERM)
2021-01-25 22:30:30,175 INFO waiting for gunicorn to die
2021-01-25 22:30:33,179 INFO waiting for gunicorn to die
2021-01-25 22:30:36,183 INFO waiting for gunicorn to die
2021-01-25 22:30:54,440 CRIT Supervisor is running as root.  Privileges were not dropped because no user is specified in the config file.  If you intend to run as root, you can set user=root in the config file to avoid this message.
2021-01-25 22:30:54,455 INFO supervisord started with pid 1
2021-01-25 22:30:55,459 INFO spawned: 'gunicorn' with pid 6
2021-01-25 22:30:55,464 INFO spawned: 'pelican' with pid 7
2021-01-25 22:30:57,376 INFO success: gunicorn entered RUNNING state, process has stayed up for > than 1 seconds (startsecs)
2021-01-25 22:30:57,377 INFO success: pelican entered RUNNING state, process has stayed up for > than 1 seconds (startsecs)
2021-01-25 22:32:22,322 WARN received SIGTERM indicating exit request
2021-01-25 22:32:22,323 INFO waiting for gunicorn, pelican to die
2021-01-25 22:32:22,328 INFO stopped: pelican (terminated by SIGTERM)
2021-01-25 22:32:25,331 INFO waiting for gunicorn to die
2021-01-25 22:32:28,335 INFO waiting for gunicorn to die
2021-01-25 22:32:31,339 INFO waiting for gunicorn to die
2021-01-25 22:32:44,963 CRIT Supervisor is running as root.  Privileges were not dropped because no user is specified in the config file.  If you intend to run as root, you can set user=root in the config file to avoid this message.
2021-01-25 22:32:44,973 INFO supervisord started with pid 1
2021-01-25 22:32:45,976 INFO spawned: 'gunicorn' with pid 7
2021-01-25 22:32:45,980 INFO spawned: 'pelican' with pid 8
2021-01-25 22:32:47,157 INFO success: gunicorn entered RUNNING state, process has stayed up for > than 1 seconds (startsecs)
2021-01-25 22:32:47,158 INFO success: pelican entered RUNNING state, process has stayed up for > than 1 seconds (startsecs)
2021-01-25 22:39:26,141 WARN received SIGTERM indicating exit request
2021-01-25 22:39:26,142 INFO waiting for gunicorn, pelican to die
2021-01-25 22:39:26,147 INFO stopped: pelican (terminated by SIGTERM)
2021-01-25 22:39:29,151 INFO waiting for gunicorn to die
2021-01-25 22:39:32,154 INFO waiting for gunicorn to die
2021-01-25 22:39:35,158 INFO waiting for gunicorn to die
2021-01-25 22:39:48,212 CRIT Supervisor is running as root.  Privileges were not dropped because no user is specified in the config file.  If you intend to run as root, you can set user=root in the config file to avoid this message.
2021-01-25 22:39:48,221 INFO supervisord started with pid 1
2021-01-25 22:39:49,224 INFO spawned: 'gunicorn' with pid 7
2021-01-25 22:39:49,230 INFO spawned: 'pelican' with pid 8
2021-01-25 22:39:50,434 INFO success: gunicorn entered RUNNING state, process has stayed up for > than 1 seconds (startsecs)
2021-01-25 22:39:50,435 INFO success: pelican entered RUNNING state, process has stayed up for > than 1 seconds (startsecs)
2021-01-25 22:40:38,429 WARN received SIGTERM indicating exit request
2021-01-25 22:40:38,431 INFO waiting for gunicorn, pelican to die
2021-01-25 22:40:38,437 INFO stopped: pelican (terminated by SIGTERM)
2021-01-25 22:40:41,440 INFO waiting for gunicorn to die
2021-01-25 22:40:45,410 INFO waiting for gunicorn to die
2021-01-25 22:41:05,806 CRIT Supervisor is running as root.  Privileges were not dropped because no user is specified in the config file.  If you intend to run as root, you can set user=root in the config file to avoid this message.
2021-01-25 22:41:05,815 INFO supervisord started with pid 1
2021-01-25 22:41:06,819 INFO spawned: 'gunicorn' with pid 7
2021-01-25 22:41:06,823 INFO spawned: 'pelican' with pid 8
2021-01-25 22:41:07,855 INFO success: gunicorn entered RUNNING state, process has stayed up for > than 1 seconds (startsecs)
2021-01-25 22:41:07,856 INFO success: pelican entered RUNNING state, process has stayed up for > than 1 seconds (startsecs)
2021-01-25 22:42:05,817 WARN received SIGTERM indicating exit request
2021-01-25 22:42:05,818 INFO waiting for gunicorn, pelican to die
2021-01-25 22:42:05,823 INFO stopped: pelican (terminated by SIGTERM)
2021-01-25 22:42:08,825 INFO waiting for gunicorn to die
2021-01-25 22:42:11,828 INFO waiting for gunicorn to die
2021-01-25 22:42:39,091 CRIT Supervisor is running as root.  Privileges were not dropped because no user is specified in the config file.  If you intend to run as root, you can set user=root in the config file to avoid this message.
2021-01-25 22:42:39,099 INFO supervisord started with pid 1
2021-01-25 22:42:40,102 INFO spawned: 'gunicorn' with pid 6
2021-01-25 22:42:40,106 INFO spawned: 'pelican' with pid 7
2021-01-25 22:42:41,181 INFO success: gunicorn entered RUNNING state, process has stayed up for > than 1 seconds (startsecs)
2021-01-25 22:42:41,182 INFO success: pelican entered RUNNING state, process has stayed up for > than 1 seconds (startsecs)
2021-01-25 22:42:55,156 WARN received SIGTERM indicating exit request
2021-01-25 22:42:55,157 INFO waiting for gunicorn, pelican to die
2021-01-25 22:42:55,162 INFO stopped: pelican (terminated by SIGTERM)
2021-01-25 22:42:58,166 INFO waiting for gunicorn to die
2021-01-25 22:43:01,170 INFO waiting for gunicorn to die
2021-01-25 22:43:04,172 INFO waiting for gunicorn to die
2021-01-25 22:43:17,813 CRIT Supervisor is running as root.  Privileges were not dropped because no user is specified in the config file.  If you intend to run as root, you can set user=root in the config file to avoid this message.
2021-01-25 22:43:17,822 INFO supervisord started with pid 1
2021-01-25 22:43:18,824 INFO spawned: 'gunicorn' with pid 7
2021-01-25 22:43:18,828 INFO spawned: 'pelican' with pid 8
2021-01-25 22:43:19,892 INFO success: gunicorn entered RUNNING state, process has stayed up for > than 1 seconds (startsecs)
2021-01-25 22:43:19,893 INFO success: pelican entered RUNNING state, process has stayed up for > than 1 seconds (startsecs)
2021-01-25 22:44:05,236 WARN received SIGTERM indicating exit request
2021-01-25 22:44:05,237 INFO waiting for gunicorn, pelican to die
2021-01-25 22:44:05,242 INFO stopped: pelican (terminated by SIGTERM)
2021-01-25 22:44:08,245 INFO waiting for gunicorn to die
2021-01-25 22:44:11,488 INFO waiting for gunicorn to die
2021-01-25 22:44:26,692 CRIT Supervisor is running as root.  Privileges were not dropped because no user is specified in the config file.  If you intend to run as root, you can set user=root in the config file to avoid this message.
2021-01-25 22:44:26,701 INFO supervisord started with pid 1
2021-01-25 22:44:27,704 INFO spawned: 'gunicorn' with pid 7
2021-01-25 22:44:27,708 INFO spawned: 'pelican' with pid 8
2021-01-25 22:44:28,776 INFO success: gunicorn entered RUNNING state, process has stayed up for > than 1 seconds (startsecs)
2021-01-25 22:44:28,776 INFO success: pelican entered RUNNING state, process has stayed up for > than 1 seconds (startsecs)
2021-01-25 23:04:00,010 WARN received SIGTERM indicating exit request
2021-01-25 23:04:00,013 INFO waiting for gunicorn, pelican to die
2021-01-25 23:04:00,019 INFO stopped: pelican (terminated by SIGTERM)
2021-01-25 23:04:03,025 INFO waiting for gunicorn to die
2021-01-25 23:04:06,030 INFO waiting for gunicorn to die
2021-01-25 23:04:09,035 INFO waiting for gunicorn to die
2021-01-26 00:01:32,841 CRIT Supervisor is running as root.  Privileges were not dropped because no user is specified in the config file.  If you intend to run as root, you can set user=root in the config file to avoid this message.
2021-01-26 00:01:32,850 INFO supervisord started with pid 1
2021-01-26 00:01:33,853 INFO spawned: 'gunicorn' with pid 6
2021-01-26 00:01:33,856 INFO spawned: 'pelican' with pid 7
2021-01-26 00:01:35,719 INFO success: gunicorn entered RUNNING state, process has stayed up for > than 1 seconds (startsecs)
2021-01-26 00:01:35,720 INFO success: pelican entered RUNNING state, process has stayed up for > than 1 seconds (startsecs)
